#
# There is insufficient memory for the Java Runtime Environment to continue.
# Native memory allocation (malloc) failed to allocate 1048576 bytes for AllocateHeap
# Possible reasons:
#   The system is out of physical RAM or swap space
#   The process is running with CompressedOops enabled, and the Java Heap may be blocking the growth of the native heap
# Possible solutions:
#   Reduce memory load on the system
#   Increase physical memory or swap space
#   Check if swap backing store is full
#   Decrease Java heap size (-Xmx/-Xms)
#   Decrease number of Java threads
#   Decrease Java thread stack sizes (-Xss)
#   Set larger code cache with -XX:ReservedCodeCacheSize=
#   JVM is running with Unscaled Compressed Oops mode in which the Java heap is
#     placed in the first 4GB address space. The Java Heap base address is the
#     maximum limit for the native heap growth. Please use -XX:HeapBaseMinAddress
#     to set the Java Heap base and to place the Java Heap above 4GB virtual address.
# This output file may be truncated or incomplete.
#
#  Out of Memory Error (allocation.cpp:44), pid=4452, tid=16476
#
# JRE version:  (17.0.12+8) (build )
# Java VM: Java HotSpot(TM) 64-Bit Server VM (17.0.12+8-LTS-286, mixed mode, sharing, tiered, compressed oops, compressed class ptrs, g1 gc, windows-amd64)
# No core dump will be written. Minidumps are not enabled by default on client versions of Windows
#

---------------  S U M M A R Y ------------

Command Line: -Dfile.encoding=UTF-8 -Dstdout.encoding=UTF-8 -Dstderr.encoding=UTF-8 -XX:+ShowCodeDetailsInExceptionMessages exercicioDados.Exercicio2

Host: Intel(R) Core(TM) i5-10210U CPU @ 1.60GHz, 8 cores, 7G,  Windows 11 , 64 bit Build 22621 (10.0.22621.5415)
Time: Thu Sep 18 16:06:09 2025 Hora oficial do Brasil elapsed time: 0.021371 seconds (0d 0h 0m 0s)

---------------  T H R E A D  ---------------

Current thread (0x0000023900035c70):  JavaThread "Unknown thread" [_thread_in_vm, id=16476, stack(0x0000004175900000,0x0000004175a00000)]

Stack: [0x0000004175900000,0x0000004175a00000]
Native frames: (J=compiled Java code, j=interpreted, Vv=VM code, C=native code)
V  [jvm.dll+0x67a04a]
V  [jvm.dll+0x7da4ed]
V  [jvm.dll+0x7dbe33]
V  [jvm.dll+0x7dc4a3]
V  [jvm.dll+0x24508f]
V  [jvm.dll+0xa5e2b]
V  [jvm.dll+0x2d4e37]
V  [jvm.dll+0x7ac9ec]
V  [jvm.dll+0x367591]
V  [jvm.dll+0x78b999]
V  [jvm.dll+0x3ec83f]
V  [jvm.dll+0x3ee471]
C  [jli.dll+0x5297]
C  [ucrtbase.dll+0x29333]
C  [KERNEL32.DLL+0x1259d]
C  [ntdll.dll+0x5af78]


---------------  P R O C E S S  ---------------

Threads class SMR info:
_java_thread_list=0x00007ff873cc7a18, length=0, elements={
}

Java Threads: ( => current thread )

Other Threads:

=>0x0000023900035c70 (exited) JavaThread "Unknown thread" [_thread_in_vm, id=16476, stack(0x0000004175900000,0x0000004175a00000)]

Threads with active compile tasks:

VM state: not at safepoint (not fully initialized)

VM Mutex/Monitor currently owned by a thread: None

Heap address: 0x0000000000000000, size: 0 MB, Compressed Oops mode: 32-bit

CDS archive(s) mapped at: [0x0000000000000000-0x0000000000000000-0x0000000000000000), size 0, SharedBaseAddress: 0x0000000800000000, ArchiveRelocationMode: 1.
Narrow klass base: 0x0000000000000000, Narrow klass shift: 0, Narrow klass range: 0x0

GC Precious Log:
<Empty>

GC Heap History (0 events):
No events

Deoptimization events (0 events):
No events

Classes unloaded (0 events):
No events

Classes redefined (0 events):
No events

Internal exceptions (0 events):
No events

VM Operations (0 events):
No events

Events (1 events):
Event: 0.014 Loaded shared library C:\Program Files\Java\jdk-17\bin\java.dll


Dynamic libraries:
0x00007ff70ec90000 - 0x00007ff70eca0000 	C:\Program Files\Java\jdk-17\bin\javaw.exe
0x00007ff936330000 - 0x00007ff936547000 	C:\WINDOWS\SYSTEM32\ntdll.dll
0x00007ff934840000 - 0x00007ff934904000 	C:\WINDOWS\System32\KERNEL32.DLL
0x00007ff933690000 - 0x00007ff933a62000 	C:\WINDOWS\System32\KERNELBASE.dll
0x00007ff933ea0000 - 0x00007ff933fb1000 	C:\WINDOWS\System32\ucrtbase.dll
0x00007ff929890000 - 0x00007ff9298ab000 	C:\Program Files\Java\jdk-17\bin\VCRUNTIME140.dll
0x00007ff91e930000 - 0x00007ff91e949000 	C:\Program Files\Java\jdk-17\bin\jli.dll
0x00007ff934330000 - 0x00007ff9343e1000 	C:\WINDOWS\System32\ADVAPI32.dll
0x00007ff933fc0000 - 0x00007ff934067000 	C:\WINDOWS\System32\msvcrt.dll
0x00007ff9345c0000 - 0x00007ff934668000 	C:\WINDOWS\System32\sechost.dll
0x00007ff933660000 - 0x00007ff933688000 	C:\WINDOWS\System32\bcrypt.dll
0x00007ff935380000 - 0x00007ff935497000 	C:\WINDOWS\System32\RPCRT4.dll
0x00007ff934680000 - 0x00007ff934831000 	C:\WINDOWS\System32\USER32.dll
0x00007ff933be0000 - 0x00007ff933c06000 	C:\WINDOWS\System32\win32u.dll
0x00007ff915c00000 - 0x00007ff915e9b000 	C:\WINDOWS\WinSxS\amd64_microsoft.windows.common-controls_6595b64144ccf1df_6.0.22621.5697_none_27154c497380d676\COMCTL32.dll
0x00007ff935520000 - 0x00007ff935549000 	C:\WINDOWS\System32\GDI32.dll
0x00007ff933d70000 - 0x00007ff933e93000 	C:\WINDOWS\System32\gdi32full.dll
0x00007ff933cd0000 - 0x00007ff933d6a000 	C:\WINDOWS\System32\msvcp_win.dll
0x00007ff928d20000 - 0x00007ff928d2a000 	C:\WINDOWS\SYSTEM32\VERSION.dll
0x00007ff935640000 - 0x00007ff935671000 	C:\WINDOWS\System32\IMM32.DLL
0x00007ff92a320000 - 0x00007ff92a32c000 	C:\Program Files\Java\jdk-17\bin\vcruntime140_1.dll
0x00007ff8e2650000 - 0x00007ff8e26de000 	C:\Program Files\Java\jdk-17\bin\msvcp140.dll
0x00007ff873210000 - 0x00007ff873df0000 	C:\Program Files\Java\jdk-17\bin\server\jvm.dll
0x00007ff9351c0000 - 0x00007ff9351c8000 	C:\WINDOWS\System32\PSAPI.DLL
0x00007ff91fa70000 - 0x00007ff91fa79000 	C:\WINDOWS\SYSTEM32\WSOCK32.dll
0x00007ff935550000 - 0x00007ff9355c1000 	C:\WINDOWS\System32\WS2_32.dll
0x00007ff929e70000 - 0x00007ff929ea4000 	C:\WINDOWS\SYSTEM32\WINMM.dll
0x00007ff9323c0000 - 0x00007ff9323d8000 	C:\WINDOWS\SYSTEM32\kernel.appcore.dll
0x00007ff929880000 - 0x00007ff92988a000 	C:\Program Files\Java\jdk-17\bin\jimage.dll
0x00007ff92dd70000 - 0x00007ff92dfa3000 	C:\WINDOWS\SYSTEM32\DBGHELP.DLL
0x00007ff9357e0000 - 0x00007ff935b72000 	C:\WINDOWS\System32\combase.dll
0x00007ff9340d0000 - 0x00007ff9341a8000 	C:\WINDOWS\System32\OLEAUT32.dll
0x00007ff927a10000 - 0x00007ff927a42000 	C:\WINDOWS\SYSTEM32\dbgcore.DLL
0x00007ff933560000 - 0x00007ff9335db000 	C:\WINDOWS\System32\bcryptPrimitives.dll
0x00007ff8f5ee0000 - 0x00007ff8f5f05000 	C:\Program Files\Java\jdk-17\bin\java.dll

dbghelp: loaded successfully - version: 4.0.5 - missing functions: none
symbol engine: initialized successfully - sym options: 0x614 - pdb path: .;C:\Program Files\Java\jdk-17\bin;C:\WINDOWS\SYSTEM32;C:\WINDOWS\WinSxS\amd64_microsoft.windows.common-controls_6595b64144ccf1df_6.0.22621.5697_none_27154c497380d676;C:\Program Files\Java\jdk-17\bin\server

VM Arguments:
jvm_args: -Dfile.encoding=UTF-8 -Dstdout.encoding=UTF-8 -Dstderr.encoding=UTF-8 -XX:+ShowCodeDetailsInExceptionMessages 
java_command: exercicioDados.Exercicio2
java_class_path (initial): C:\Users\criss\OneDrive\Área de Trabalho\Curso_Java\exercicioDados\bin
Launcher Type: SUN_STANDARD

[Global flags]
     intx CICompilerCount                          = 4                                         {product} {ergonomic}
     uint ConcGCThreads                            = 2                                         {product} {ergonomic}
     uint G1ConcRefinementThreads                  = 8                                         {product} {ergonomic}
   size_t G1HeapRegionSize                         = 1048576                                   {product} {ergonomic}
    uintx GCDrainStackTargetSize                   = 64                                        {product} {ergonomic}
   size_t InitialHeapSize                          = 132120576                                 {product} {ergonomic}
   size_t MarkStackSize                            = 4194304                                   {product} {ergonomic}
   size_t MaxHeapSize                              = 2103443456                                {product} {ergonomic}
   size_t MinHeapDeltaBytes                        = 1048576                                   {product} {ergonomic}
   size_t MinHeapSize                              = 8388608                                   {product} {ergonomic}
    uintx NonNMethodCodeHeapSize                   = 5839372                                {pd product} {ergonomic}
    uintx NonProfiledCodeHeapSize                  = 122909434                              {pd product} {ergonomic}
    uintx ProfiledCodeHeapSize                     = 122909434                              {pd product} {ergonomic}
    uintx ReservedCodeCacheSize                    = 251658240                              {pd product} {ergonomic}
     bool SegmentedCodeCache                       = true                                      {product} {ergonomic}
     bool ShowCodeDetailsInExceptionMessages       = true                                   {manageable} {command line}
   size_t SoftMaxHeapSize                          = 2103443456                             {manageable} {ergonomic}
     bool UseCompressedClassPointers               = true                           {product lp64_product} {ergonomic}
     bool UseCompressedOops                        = true                           {product lp64_product} {ergonomic}
     bool UseG1GC                                  = true                                      {product} {ergonomic}
     bool UseLargePagesIndividualAllocation        = false                                  {pd product} {ergonomic}

Logging:
Log output configuration:
 #0: stdout all=warning uptime,level,tags
 #1: stderr all=off uptime,level,tags

Environment Variables:
JAVA_HOME=C:\Program Files\Java\zulu18.30.11-ca-jdk18.0.1-win_x64
CLASSPATH=.
PATH=C:/Users/criss/Downloads/spring-tools-for-eclipse-4.31.0.RELEASE-e4.36.0-win32.win32.x86_64(1)/sts-4.31.0.RELEASE//plugins/org.eclipse.justj.openjdk.hotspot.jre.full.win32.x86_64_21.0.7.v20250502-0916/jre/bin/server;C:/Users/criss/Downloads/spring-tools-for-eclipse-4.31.0.RELEASE-e4.36.0-win32.win32.x86_64(1)/sts-4.31.0.RELEASE//plugins/org.eclipse.justj.openjdk.hotspot.jre.full.win32.x86_64_21.0.7.v20250502-0916/jre/bin;C:\Program Files\Common Files\Oracle\Java\javapath;C:\Program Files (x86)\Common Files\Oracle\Java\javapath;C:\Program Files\Microsoft\jdk-11.0.16.101-hotspot\bin;C:\Program Files\apache-maven-3.8.6\bin;C:\Program Files\dotnet\;C:\WINDOWS\system32;C:\WINDOWS;C:\WINDOWS\System32\Wbem;C:\WINDOWS\System32\WindowsPowerShell\v1.0\;C:\WINDOWS\System32\OpenSSH\;C:\Program Files\Microsoft SQL Server\Client SDK\ODBC\170\Tools\Binn\;C:\Program Files\Azure Data Studio\bin;C:\Program Files (x86)\Microsoft SQL Server\150\Tools\Binn\;C:\Program Files\Microsoft SQL Server\150\Tools\Binn\;C:\Program Files\Microsoft SQL Server\150\DTS\Binn\;C:\Program Files (x86)\Microsoft SQL Server\150\DTS\Binn\;C:\Program Files\Java\jdk-17.0.3.1\bin;C:\Program Files\Amazon\AWSCLI\bin\;C:\Program Files (x86)\Windows Kits\10\Windows Performance Toolkit\;C:\Program Files\Amazon\AWSCLIV2\;C:\MinGW\bin;C:\Program Files\Go\bin;C:\Program Files (x86)\Microsoft SQL Server\160\Tools\Binn\;C:\Program Files\Microsoft SQL Server\160\Tools\Binn\;C:\Program Files\Microsoft SQL Server\160\DTS\Binn\;C:\Program Files\PuTTY\;C:\Program Files\Docker\Docker\resources\bin;C:\Program Files (x86)\CODESYS\APInstaller\;C:\Program Files\Java\jdk-17.0.3.1;C:\Program Files\nodejs\;C:\Program Files\Git\cmd;C:\Users\criss\AppData\Local\Programs\Python\Python312\Scripts\;C:\Users\criss\AppData\Local\Programs\Python\Python312\;C:\Users\criss\scoop\shims;C:\Users\criss\AppData\Local\Programs\Python\Python310\Scripts\;C:\Users\criss\AppData\Local\Programs\Python\Python310\;C:\Users\criss\AppData\Local\Microsoft
USERNAME=criss
OS=Windows_NT
PROCESSOR_IDENTIFIER=Intel64 Family 6 Model 142 Stepping 12, GenuineIntel



---------------  S Y S T E M  ---------------

OS:
 Windows 11 , 64 bit Build 22621 (10.0.22621.5415)
OS uptime: 0 days 2:03 hours
Hyper-V role detected

CPU: total 8 (initial active 8) (4 cores per cpu, 2 threads per core) family 6 model 142 stepping 12 microcode 0xde, cx8, cmov, fxsr, ht, mmx, 3dnowpref, sse, sse2, sse3, ssse3, sse4.1, sse4.2, popcnt, lzcnt, tsc, tscinvbit, avx, avx2, aes, erms, clmul, bmi1, bmi2, adx, fma, vzeroupper, clflush, clflushopt, hv

Memory: 4k page, system-wide physical 8023M (672M free)
TotalPageFile size 12603M (AvailPageFile size 4M)
current process WorkingSet (physical memory assigned to process): 10M, peak: 10M
current process commit charge ("private bytes"): 18M, peak: 19M

vm_info: Java HotSpot(TM) 64-Bit Server VM (17.0.12+8-LTS-286) for windows-amd64 JRE (17.0.12+8-LTS-286), built on Jun  5 2024 06:46:59 by "mach5one" with MS VC++ 17.6 (VS2022)

END.
